
> svelte-grid-extended@2.0.0 dev /home/as_user/Projects/svelte-grid-extended
> vite dev "--port" "5178"


  VITE v6.4.1  ready in 641 ms

  ➜  Local:   http://localhost:5178/
  ➜  Network: use --host to expose

🌼   daisyUI 4.12.24
├─ ✔︎ 1 theme added		https://daisyui.com/docs/themes
╰─ ★ Star daisyUI on GitHub	https://github.com/saadeghi/daisyui

2:15:35 PM [vite-plugin-svelte] src/routes/examples/basic/+page.svelte:20:1 No scopable elements found in template. If you're using global styles in the style tag, you should move it into an external stylesheet file and import it in JS. See https://github.com/sveltejs/vite-plugin-svelte/blob/main/docs/faq.md#where-should-i-put-my-global-styles.

🌼   daisyUI 4.12.24
├─ ✔︎ 1 theme added		https://daisyui.com/docs/themes
╰─ ❤︎ Support daisyUI project:	https://opencollective.com/daisyui

2:15:36 PM [vite-plugin-svelte] src/lib/Grid.svelte:85:27 This reference only captures the initial value of `cols`. Did you mean to reference it inside a derived instead?
https://svelte.dev/e/state_referenced_locally
2:15:36 PM [vite-plugin-svelte] src/lib/Grid.svelte:85:47 This reference only captures the initial value of `cols`. Did you mean to reference it inside a derived instead?
https://svelte.dev/e/state_referenced_locally
2:15:36 PM [vite-plugin-svelte] src/lib/Grid.svelte:86:27 This reference only captures the initial value of `rows`. Did you mean to reference it inside a derived instead?
https://svelte.dev/e/state_referenced_locally
2:15:36 PM [vite-plugin-svelte] src/lib/Grid.svelte:86:47 This reference only captures the initial value of `rows`. Did you mean to reference it inside a derived instead?
https://svelte.dev/e/state_referenced_locally
2:15:36 PM [vite-plugin-svelte] src/lib/Grid.svelte:92:2 This reference only captures the initial value of `itemSize`. Did you mean to reference it inside a derived instead?
https://svelte.dev/e/state_referenced_locally
2:15:36 PM [vite-plugin-svelte] src/lib/Grid.svelte:92:21 This reference only captures the initial value of `itemSize`. Did you mean to reference it inside a derived instead?
https://svelte.dev/e/state_referenced_locally
2:15:36 PM [vite-plugin-svelte] src/lib/Grid.svelte:92:45 This reference only captures the initial value of `itemSize`. Did you mean to reference it inside a derived instead?
https://svelte.dev/e/state_referenced_locally
2:15:36 PM [vite-plugin-svelte] src/lib/Grid.svelte:216:31 This reference only captures the initial value of `gridSettings`. Did you mean to reference it inside a closure instead?
https://svelte.dev/e/state_referenced_locally
2:15:36 PM [vite-plugin-svelte] src/lib/Grid.svelte:221:40 This reference only captures the initial value of `gridSettings`. Did you mean to reference it inside a closure instead?
https://svelte.dev/e/state_referenced_locally
2:15:36 PM [vite-plugin-svelte] src/lib/GridItem.svelte:54:2 This reference only captures the initial value of `id`. Did you mean to reference it inside a derived instead?
https://svelte.dev/e/state_referenced_locally
2:15:36 PM [vite-plugin-svelte] src/lib/GridItem.svelte:59:2 This reference only captures the initial value of `min`. Did you mean to reference it inside a derived instead?
https://svelte.dev/e/state_referenced_locally
2:15:36 PM [vite-plugin-svelte] src/lib/GridItem.svelte:60:2 This reference only captures the initial value of `max`. Did you mean to reference it inside a derived instead?
https://svelte.dev/e/state_referenced_locally
2:15:36 PM [vite-plugin-svelte] src/lib/GridItem.svelte:61:2 This reference only captures the initial value of `movable`. Did you mean to reference it inside a derived instead?
https://svelte.dev/e/state_referenced_locally
2:15:36 PM [vite-plugin-svelte] src/lib/GridItem.svelte:62:2 This reference only captures the initial value of `resizable`. Did you mean to reference it inside a derived instead?
https://svelte.dev/e/state_referenced_locally

🌼   daisyUI 4.12.24
├─ ✔︎ 1 theme added		https://daisyui.com/docs/themes
╰─ ❤︎ Support daisyUI project:	https://opencollective.com/daisyui

2:15:54 PM [vite] (ssr) page reload src/lib/Grid.svelte
2:15:55 PM [vite-plugin-svelte] src/lib/Grid.svelte:85:27 This reference only captures the initial value of `cols`. Did you mean to reference it inside a derived instead?
https://svelte.dev/e/state_referenced_locally
2:15:55 PM [vite-plugin-svelte] src/lib/Grid.svelte:85:47 This reference only captures the initial value of `cols`. Did you mean to reference it inside a derived instead?
https://svelte.dev/e/state_referenced_locally
2:15:55 PM [vite-plugin-svelte] src/lib/Grid.svelte:86:27 This reference only captures the initial value of `rows`. Did you mean to reference it inside a derived instead?
https://svelte.dev/e/state_referenced_locally
2:15:55 PM [vite-plugin-svelte] src/lib/Grid.svelte:86:47 This reference only captures the initial value of `rows`. Did you mean to reference it inside a derived instead?
https://svelte.dev/e/state_referenced_locally
2:15:55 PM [vite-plugin-svelte] src/lib/Grid.svelte:92:2 This reference only captures the initial value of `itemSize`. Did you mean to reference it inside a derived instead?
https://svelte.dev/e/state_referenced_locally
2:15:55 PM [vite-plugin-svelte] src/lib/Grid.svelte:92:21 This reference only captures the initial value of `itemSize`. Did you mean to reference it inside a derived instead?
https://svelte.dev/e/state_referenced_locally
2:15:55 PM [vite-plugin-svelte] src/lib/Grid.svelte:92:45 This reference only captures the initial value of `itemSize`. Did you mean to reference it inside a derived instead?
https://svelte.dev/e/state_referenced_locally
2:15:55 PM [vite] (ssr) page reload src/lib/Grid.svelte
2:16:07 PM [vite] (ssr) page reload src/lib/GridController.ts
2:16:12 PM [vite] (ssr) page reload src/lib/GridController.ts
2:16:17 PM [vite] (ssr) page reload src/lib/GridItem.svelte
2:16:18 PM [vite-plugin-svelte] src/lib/GridItem.svelte:54:2 This reference only captures the initial value of `id`. Did you mean to reference it inside a derived instead?
https://svelte.dev/e/state_referenced_locally
2:16:18 PM [vite-plugin-svelte] src/lib/GridItem.svelte:59:2 This reference only captures the initial value of `min`. Did you mean to reference it inside a derived instead?
https://svelte.dev/e/state_referenced_locally
2:16:18 PM [vite-plugin-svelte] src/lib/GridItem.svelte:60:2 This reference only captures the initial value of `max`. Did you mean to reference it inside a derived instead?
https://svelte.dev/e/state_referenced_locally
2:16:18 PM [vite-plugin-svelte] src/lib/GridItem.svelte:61:2 This reference only captures the initial value of `movable`. Did you mean to reference it inside a derived instead?
https://svelte.dev/e/state_referenced_locally
2:16:18 PM [vite-plugin-svelte] src/lib/GridItem.svelte:62:2 This reference only captures the initial value of `resizable`. Did you mean to reference it inside a derived instead?
https://svelte.dev/e/state_referenced_locally
2:16:18 PM [vite] (ssr) page reload src/lib/GridItem.svelte
2:16:27 PM [vite] (ssr) page reload src/lib/Grid.svelte
2:16:32 PM [vite-plugin-svelte] src/lib/Grid.svelte:85:27 This reference only captures the initial value of `cols`. Did you mean to reference it inside a derived instead?
https://svelte.dev/e/state_referenced_locally
2:16:32 PM [vite-plugin-svelte] src/lib/Grid.svelte:85:47 This reference only captures the initial value of `cols`. Did you mean to reference it inside a derived instead?
https://svelte.dev/e/state_referenced_locally
2:16:32 PM [vite-plugin-svelte] src/lib/Grid.svelte:86:27 This reference only captures the initial value of `rows`. Did you mean to reference it inside a derived instead?
https://svelte.dev/e/state_referenced_locally
2:16:32 PM [vite-plugin-svelte] src/lib/Grid.svelte:86:47 This reference only captures the initial value of `rows`. Did you mean to reference it inside a derived instead?
https://svelte.dev/e/state_referenced_locally
2:16:32 PM [vite-plugin-svelte] src/lib/Grid.svelte:92:2 This reference only captures the initial value of `itemSize`. Did you mean to reference it inside a derived instead?
https://svelte.dev/e/state_referenced_locally
2:16:32 PM [vite-plugin-svelte] src/lib/Grid.svelte:92:21 This reference only captures the initial value of `itemSize`. Did you mean to reference it inside a derived instead?
https://svelte.dev/e/state_referenced_locally
2:16:32 PM [vite-plugin-svelte] src/lib/Grid.svelte:92:45 This reference only captures the initial value of `itemSize`. Did you mean to reference it inside a derived instead?
https://svelte.dev/e/state_referenced_locally
2:16:32 PM [vite] (ssr) page reload src/lib/Grid.svelte
2:17:00 PM [vite] (ssr) page reload src/lib/GridController.ts
2:17:11 PM [vite] (ssr) page reload src/lib/GridController.ts
2:17:21 PM [vite] (ssr) page reload .svelte-kit/generated/server/internal.js
2:17:21 PM [vite] (ssr) page reload .svelte-kit/generated/root.js
2:17:21 PM [vite] (ssr) page reload .svelte-kit/generated/root.svelte
2:17:52 PM [vite] (ssr) page reload .svelte-kit/generated/server/internal.js
2:17:52 PM [vite] (ssr) page reload .svelte-kit/generated/root.js
2:18:06 PM [vite] (ssr) page reload .svelte-kit/generated/server/internal.js
2:18:06 PM [vite] (ssr) page reload .svelte-kit/generated/root.js
2:18:18 PM [vite] (ssr) page reload .svelte-kit/generated/server/internal.js
2:18:18 PM [vite] (ssr) page reload .svelte-kit/generated/root.js
2:18:25 PM [vite] (ssr) page reload .svelte-kit/generated/server/internal.js
2:18:25 PM [vite] (ssr) page reload .svelte-kit/generated/root.js
